TN:
SF:src/server.ts
FN:4,(anonymous_1)
FNF:1
FNH:1
FNDA:3,(anonymous_1)
DA:1,3
DA:2,3
DA:4,3
DA:5,3
DA:7,3
DA:8,3
DA:9,3
DA:11,3
DA:14,3
LF:9
LH:9
BRF:0
BRH:0
end_of_record
TN:
SF:src/controllers/character.controller.ts
FN:5,(anonymous_7)
FN:5,(anonymous_8)
FN:9,(anonymous_9)
FN:9,(anonymous_10)
FN:19,(anonymous_11)
FN:19,(anonymous_12)
FN:35,(anonymous_13)
FN:35,(anonymous_14)
FNF:8
FNH:8
FNDA:1,(anonymous_7)
FNDA:1,(anonymous_8)
FNDA:2,(anonymous_9)
FNDA:2,(anonymous_10)
FNDA:2,(anonymous_11)
FNDA:2,(anonymous_12)
FNDA:1,(anonymous_13)
FNDA:1,(anonymous_14)
DA:2,4
DA:3,4
DA:5,4
DA:6,1
DA:9,4
DA:10,2
DA:12,2
DA:13,1
DA:16,1
DA:19,4
DA:20,2
DA:28,2
DA:29,1
DA:32,1
DA:35,4
DA:36,1
DA:43,1
DA:46,4
DA:53,4
LF:19
LH:19
BRDA:12,0,0,1
BRDA:28,1,0,1
BRF:2
BRH:2
end_of_record
TN:
SF:src/controllers/index.ts
FNF:0
FNH:0
DA:1,4
DA:2,4
DA:3,4
LF:3
LH:3
BRF:0
BRH:0
end_of_record
TN:
SF:src/controllers/inventory.controller.ts
FN:4,(anonymous_7)
FN:4,(anonymous_8)
FN:8,(anonymous_9)
FN:8,(anonymous_10)
FN:12,(anonymous_11)
FN:12,(anonymous_12)
FN:24,(anonymous_13)
FN:24,(anonymous_14)
FNF:8
FNH:0
FNDA:0,(anonymous_7)
FNDA:0,(anonymous_8)
FNDA:0,(anonymous_9)
FNDA:0,(anonymous_10)
FNDA:0,(anonymous_11)
FNDA:0,(anonymous_12)
FNDA:0,(anonymous_13)
FNDA:0,(anonymous_14)
DA:2,4
DA:4,4
DA:5,0
DA:8,4
DA:9,0
DA:12,4
DA:13,0
DA:17,0
DA:18,0
DA:21,0
DA:24,4
DA:25,0
DA:27,0
DA:28,0
DA:31,0
DA:34,4
DA:41,4
LF:17
LH:7
BRDA:17,0,0,0
BRDA:27,1,0,0
BRF:2
BRH:0
end_of_record
TN:
SF:src/controllers/weapon.controller.ts
FN:4,(anonymous_7)
FN:4,(anonymous_8)
FN:8,(anonymous_9)
FN:8,(anonymous_10)
FN:18,(anonymous_11)
FN:18,(anonymous_12)
FN:30,(anonymous_13)
FN:30,(anonymous_14)
FN:34,(anonymous_15)
FN:34,(anonymous_16)
FNF:10
FNH:0
FNDA:0,(anonymous_7)
FNDA:0,(anonymous_8)
FNDA:0,(anonymous_9)
FNDA:0,(anonymous_10)
FNDA:0,(anonymous_11)
FNDA:0,(anonymous_12)
FNDA:0,(anonymous_13)
FNDA:0,(anonymous_14)
FNDA:0,(anonymous_15)
FNDA:0,(anonymous_16)
DA:2,4
DA:4,4
DA:5,0
DA:8,4
DA:9,0
DA:11,0
DA:12,0
DA:15,0
DA:18,4
DA:19,0
DA:23,0
DA:24,0
DA:27,0
DA:30,4
DA:31,0
DA:34,4
DA:35,0
DA:37,0
DA:38,0
DA:41,0
DA:44,4
DA:52,4
LF:22
LH:8
BRDA:11,0,0,0
BRDA:23,1,0,0
BRDA:37,2,0,0
BRF:3
BRH:0
end_of_record
TN:
SF:src/models/character.model.ts
FN:19,(anonymous_2)
FNF:1
FNH:0
FNDA:0,(anonymous_2)
DA:1,4
DA:3,4
DA:6,4
DA:8,4
DA:13,4
DA:16,4
DA:19,4
DA:23,4
LF:8
LH:8
BRF:0
BRH:0
end_of_record
TN:
SF:src/models/index.ts
FNF:0
FNH:0
DA:1,4
DA:2,4
DA:3,4
LF:3
LH:3
BRF:0
BRH:0
end_of_record
TN:
SF:src/models/inventory.model.ts
FN:14,(anonymous_2)
FN:18,(anonymous_3)
FN:21,(anonymous_4)
FNF:3
FNH:0
FNDA:0,(anonymous_2)
FNDA:0,(anonymous_3)
FNDA:0,(anonymous_4)
DA:1,4
DA:3,4
DA:4,4
DA:7,4
DA:9,4
DA:14,4
DA:18,4
DA:21,4
DA:25,4
LF:9
LH:9
BRF:0
BRH:0
end_of_record
TN:
SF:src/models/weapon.model.ts
FN:13,(anonymous_2)
FN:17,(anonymous_3)
FNF:2
FNH:0
FNDA:0,(anonymous_2)
FNDA:0,(anonymous_3)
DA:1,4
DA:3,4
DA:6,4
DA:8,4
DA:13,4
DA:17,4
DA:20,4
DA:23,4
DA:26,4
DA:30,4
LF:10
LH:10
BRF:0
BRH:0
end_of_record
TN:
SF:src/routes/character.routes.ts
FN:7,(anonymous_7)
FN:7,(anonymous_8)
FN:17,(anonymous_9)
FN:17,(anonymous_10)
FN:28,(anonymous_11)
FN:28,(anonymous_12)
FNF:6
FNH:6
FNDA:2,(anonymous_7)
FNDA:2,(anonymous_8)
FNDA:2,(anonymous_9)
FNDA:2,(anonymous_10)
FNDA:1,(anonymous_11)
FNDA:1,(anonymous_12)
DA:1,1
DA:3,1
DA:5,1
DA:7,2
DA:8,2
DA:10,2
DA:11,1
DA:14,1
DA:17,2
DA:18,2
DA:19,2
DA:20,2
DA:21,1
DA:23,1
DA:24,1
DA:28,1
DA:29,1
DA:30,1
DA:31,1
DA:35,1
LF:20
LH:20
BRDA:10,0,0,1
BRF:1
BRH:1
end_of_record
TN:
SF:src/routes/inventory.routes.ts
FN:7,(anonymous_7)
FN:7,(anonymous_8)
FN:15,(anonymous_9)
FN:15,(anonymous_10)
FN:26,(anonymous_11)
FN:26,(anonymous_12)
FNF:6
FNH:6
FNDA:2,(anonymous_7)
FNDA:2,(anonymous_8)
FNDA:2,(anonymous_9)
FNDA:2,(anonymous_10)
FNDA:2,(anonymous_11)
FNDA:2,(anonymous_12)
DA:1,1
DA:3,1
DA:5,1
DA:7,2
DA:8,2
DA:9,2
DA:10,1
DA:12,1
DA:15,2
DA:16,2
DA:17,2
DA:18,2
DA:19,1
DA:21,1
DA:22,1
DA:26,2
DA:27,2
DA:28,2
DA:29,2
DA:30,1
DA:32,1
DA:33,1
DA:38,1
LF:23
LH:23
BRDA:9,0,0,1
BRF:1
BRH:1
end_of_record
TN:
SF:src/routes/weapon.routes.ts
FN:7,(anonymous_7)
FN:7,(anonymous_8)
FN:15,(anonymous_9)
FN:15,(anonymous_10)
FN:26,(anonymous_11)
FN:26,(anonymous_12)
FN:37,(anonymous_13)
FN:37,(anonymous_14)
FNF:8
FNH:8
FNDA:2,(anonymous_7)
FNDA:2,(anonymous_8)
FNDA:2,(anonymous_9)
FNDA:2,(anonymous_10)
FNDA:2,(anonymous_11)
FNDA:2,(anonymous_12)
FNDA:2,(anonymous_13)
FNDA:2,(anonymous_14)
DA:1,1
DA:2,1
DA:5,1
DA:7,2
DA:8,2
DA:9,2
DA:10,1
DA:12,1
DA:15,2
DA:16,2
DA:17,2
DA:18,2
DA:19,1
DA:21,1
DA:22,1
DA:26,2
DA:27,2
DA:28,2
DA:29,2
DA:30,1
DA:32,1
DA:33,1
DA:37,2
DA:38,2
DA:39,2
DA:40,2
DA:41,1
DA:43,1
DA:44,1
DA:48,1
LF:30
LH:30
BRDA:9,0,0,1
BRF:1
BRH:1
end_of_record
